<?xml version="1.0" encoding="UTF-8"?>
<coverage generated="1558018226247" clover="3.2.0">
  <project timestamp="1558018226247" name="All files">
    <metrics statements="4" coveredstatements="2" conditionals="0" coveredconditionals="0" methods="2" coveredmethods="2" elements="6" coveredelements="4" complexity="0" loc="4" ncloc="4" packages="1" files="2" classes="2"/>
    <file name="app.js" path="/Users/jdmac/Dropbox/MakersAcademy/final-project/spa-weather-station/src/app.js">
      <metrics statements="2" coveredstatements="0" conditionals="0" coveredconditionals="0" methods="0" coveredmethods="0"/>
      <line num="1" count="0" type="stmt"/>
      <line num="8" count="0" type="stmt"/>
    </file>
    <file name="weather.js" path="/Users/jdmac/Dropbox/MakersAcademy/final-project/spa-weather-station/src/weather.js">
      <metrics statements="2" coveredstatements="2" conditionals="0" coveredconditionals="0" methods="2" coveredmethods="2"/>
      <line num="10" count="1" type="stmt"/>
      <line num="17" count="1" type="stmt"/>
    </file>
  </project>
</coverage>
