{"/Users/micosmin/Desktop/Makers/Projects/FinalProject/spa-weather-station/src/app.js": {"path":"/Users/micosmin/Desktop/Makers/Projects/FinalProject/spa-weather-station/src/app.js","statementMap":{"0":{"start":{"line":1,"column":0},"end":{"line":6,"column":2}},"1":{"start":{"line":8,"column":11},"end":{"line":13,"column":2}}},"fnMap":{},"branchMap":{},"s":{"0":0,"1":0},"f":{},"b":{},"hash":"36efc3562aa43ed4e9bf1004b4b0af06cd92c340"}
,"/Users/micosmin/Desktop/Makers/Projects/FinalProject/spa-weather-station/src/weather.js": {"path":"/Users/micosmin/Desktop/Makers/Projects/FinalProject/spa-weather-station/src/weather.js","statementMap":{"0":{"start":{"line":10,"column":4},"end":{"line":12,"column":5}},"1":{"start":{"line":17,"column":6},"end":{"line":17,"column":24}}},"fnMap":{"0":{"name":"(anonymous_0)","decl":{"start":{"line":9,"column":2},"end":{"line":9,"column":3}},"loc":{"start":{"line":9,"column":10},"end":{"line":13,"column":3}},"line":9},"1":{"name":"(anonymous_1)","decl":{"start":{"line":16,"column":4},"end":{"line":16,"column":5}},"loc":{"start":{"line":16,"column":17},"end":{"line":18,"column":5}},"line":16}},"branchMap":{},"s":{"0":1,"1":1},"f":{"0":1,"1":1},"b":{},"_coverageSchema":"43e27e138ebf9cfc5966b082cf9a028302ed4184","hash":"7fdb7a00d3b837b07c21b7c10bd1fe640dcd1690"}
}
